2020-11-28 09:49:40,139 INFO Transport failed

java.io.IOException: 远程主机强迫关闭了一个现有的连接。
	at sun.nio.ch.SocketDispatcher.read0(Native Method)
	at sun.nio.ch.SocketDispatcher.read(SocketDispatcher.java:43)
	at sun.nio.ch.IOUtil.readIntoNativeBuffer(IOUtil.java:223)
	at sun.nio.ch.IOUtil.read(IOUtil.java:192)
	at sun.nio.ch.SocketChannelImpl.read(SocketChannelImpl.java:378)
	at io.grpc.netty.shaded.io.netty.buffer.PooledByteBuf.setBytes(PooledByteBuf.java:247)
	at io.grpc.netty.shaded.io.netty.buffer.AbstractByteBuf.writeBytes(AbstractByteBuf.java:1140)
	at io.grpc.netty.shaded.io.netty.channel.socket.nio.NioSocketChannel.doReadBytes(NioSocketChannel.java:347)
	at io.grpc.netty.shaded.io.netty.channel.nio.AbstractNioByteChannel$NioByteUnsafe.read(AbstractNioByteChannel.java:148)
	at io.grpc.netty.shaded.io.netty.channel.nio.NioEventLoop.processSelectedKey(NioEventLoop.java:697)
	at io.grpc.netty.shaded.io.netty.channel.nio.NioEventLoop.processSelectedKeysOptimized(NioEventLoop.java:632)
	at io.grpc.netty.shaded.io.netty.channel.nio.NioEventLoop.processSelectedKeys(NioEventLoop.java:549)
	at io.grpc.netty.shaded.io.netty.channel.nio.NioEventLoop.run(NioEventLoop.java:511)
	at io.grpc.netty.shaded.io.netty.util.concurrent.SingleThreadEventExecutor$5.run(SingleThreadEventExecutor.java:918)
	at io.grpc.netty.shaded.io.netty.util.internal.ThreadExecutorMap$2.run(ThreadExecutorMap.java:74)
	at io.grpc.netty.shaded.io.netty.util.concurrent.FastThreadLocalRunnable.run(FastThreadLocalRunnable.java:30)
	at java.lang.Thread.run(Thread.java:748)
2020-11-28 09:49:44,662 WARN clearConfigHistory start

2020-11-28 09:49:59,660 WARN HikariPool-1 - Thread starvation or clock leap detected (housekeeper delta=13h56m15s234ms325µs400ns).

2020-11-28 09:57:02,185 INFO [capacityManagement] start correct usage

2020-11-28 09:57:02,185 INFO [capacityManagement] end correct usage, cost: 0s

2020-11-28 09:59:44,666 WARN clearConfigHistory start

2020-11-28 10:07:02,188 INFO [capacityManagement] start correct usage

2020-11-28 10:07:02,189 INFO [capacityManagement] end correct usage, cost: 0s

2020-11-28 10:09:44,667 WARN clearConfigHistory start

2020-11-28 10:17:02,191 INFO [capacityManagement] start correct usage

2020-11-28 10:17:02,193 INFO [capacityManagement] end correct usage, cost: 0s

2020-11-28 10:19:44,671 WARN clearConfigHistory start

2020-11-28 10:27:02,194 INFO [capacityManagement] start correct usage

2020-11-28 10:27:02,196 INFO [capacityManagement] end correct usage, cost: 0s

2020-11-28 10:29:44,676 WARN clearConfigHistory start

2020-11-28 10:37:02,198 INFO [capacityManagement] start correct usage

2020-11-28 10:37:02,198 INFO [capacityManagement] end correct usage, cost: 0s

2020-11-28 10:39:44,678 WARN clearConfigHistory start

2020-11-28 10:47:02,200 INFO [capacityManagement] start correct usage

2020-11-28 10:47:02,202 INFO [capacityManagement] end correct usage, cost: 0s

2020-11-28 10:49:44,681 WARN clearConfigHistory start

2020-11-28 10:57:02,203 INFO [capacityManagement] start correct usage

2020-11-28 10:57:02,203 INFO [capacityManagement] end correct usage, cost: 0s

2020-11-28 10:59:44,686 WARN clearConfigHistory start

2020-11-28 11:07:02,205 INFO [capacityManagement] start correct usage

2020-11-28 11:07:02,206 INFO [capacityManagement] end correct usage, cost: 0s

2020-11-28 11:09:44,688 WARN clearConfigHistory start

2020-11-28 11:17:02,207 INFO [capacityManagement] start correct usage

2020-11-28 11:17:02,208 INFO [capacityManagement] end correct usage, cost: 0s

2020-11-28 11:19:44,690 WARN clearConfigHistory start

2020-11-28 11:27:02,210 INFO [capacityManagement] start correct usage

2020-11-28 11:27:02,212 INFO [capacityManagement] end correct usage, cost: 0s

2020-11-28 11:29:44,694 WARN clearConfigHistory start

2020-11-28 11:31:42,052 INFO Starting Nacos v1.4.0 on DESKTOP-L2BURBB with PID 16824 (C:\Users\user\Desktop\nacos\target\nacos-server.jar started by user in C:\Users\user\Desktop\nacos\bin)

2020-11-28 11:31:42,053 INFO The following profiles are active: standalone

2020-11-28 11:31:55,062 INFO Bean 'org.springframework.security.access.expression.method.DefaultMethodSecurityExpressionHandler@73a8da0f' of type [org.springframework.security.access.expression.method.DefaultMethodSecurityExpressionHandler] is not eligible for getting processed by all BeanPostProcessors (for example: not eligible for auto-proxying)

2020-11-28 11:31:55,068 INFO Bean 'methodSecurityMetadataSource' of type [org.springframework.security.access.method.DelegatingMethodSecurityMetadataSource] is not eligible for getting processed by all BeanPostProcessors (for example: not eligible for auto-proxying)

2020-11-28 11:31:55,819 INFO Tomcat initialized with port(s): 8848 (http)

2020-11-28 11:31:55,858 INFO Starting service [Tomcat]

2020-11-28 11:31:55,858 INFO Starting Servlet engine: [Apache Tomcat/9.0.38]

2020-11-28 11:31:56,559 INFO At least one JAR was scanned for TLDs yet contained no TLDs. Enable debug logging for this logger for a complete list of JARs that were scanned but no TLDs were found in them. Skipping unneeded JARs during scanning can improve startup time and JSP compilation time.

2020-11-28 11:31:56,606 INFO Initializing Spring embedded WebApplicationContext

2020-11-28 11:31:56,607 INFO Root WebApplicationContext: initialization completed in 14268 ms

2020-11-28 11:31:58,382 WARN HikariPool-1 - idleTimeout has been set but has no effect because the pool is operating as a fixed size pool.

2020-11-28 11:31:58,382 INFO HikariPool-1 - Starting...

2020-11-28 11:31:58,393 WARN Registered driver with driverClassName=org.apache.derby.jdbc.EmbeddedDriver was not found, trying direct instantiation.

2020-11-28 11:32:00,032 INFO HikariPool-1 - Driver does not support get/set network timeout for connections. (Feature not implemented: No details.)

2020-11-28 11:32:00,049 INFO HikariPool-1 - Start completed.

2020-11-28 11:32:01,783 INFO Nacos-related cluster resource initialization

2020-11-28 11:32:01,797 INFO The cluster resource is initialized

2020-11-28 11:32:05,762 INFO Reflections took 77 ms to scan 1 urls, producing 6 keys and 26 values 

2020-11-28 11:32:05,810 INFO Reflections took 6 ms to scan 1 urls, producing 2 keys and 12 values 

2020-11-28 11:32:05,823 INFO Reflections took 6 ms to scan 1 urls, producing 3 keys and 15 values 

2020-11-28 11:32:07,461 INFO Initializing ExecutorService 'applicationTaskExecutor'

2020-11-28 11:32:07,616 INFO Adding welcome page: class path resource [static/index.html]

2020-11-28 11:32:08,855 INFO Creating filter chain: Ant [pattern='/**'], []

2020-11-28 11:32:08,939 INFO Creating filter chain: any request, [org.springframework.security.web.context.request.async.WebAsyncManagerIntegrationFilter@27a0a5a2, org.springframework.security.web.context.SecurityContextPersistenceFilter@24b52d3e, org.springframework.security.web.header.HeaderWriterFilter@a23a01d, org.springframework.security.web.csrf.CsrfFilter@3a7704c, org.springframework.security.web.authentication.logout.LogoutFilter@47a64f7d, org.springframework.security.web.savedrequest.RequestCacheAwareFilter@6e9c413e, org.springframework.security.web.servletapi.SecurityContextHolderAwareRequestFilter@3a45c42a, org.springframework.security.web.authentication.AnonymousAuthenticationFilter@7692cd34, org.springframework.security.web.session.SessionManagementFilter@7561db12, org.springframework.security.web.access.ExceptionTranslationFilter@619bd14c]

2020-11-28 11:32:09,307 INFO Initializing ExecutorService 'taskScheduler'

2020-11-28 11:32:09,329 INFO Exposing 2 endpoint(s) beneath base path '/actuator'

2020-11-28 11:32:09,535 INFO Tomcat started on port(s): 8848 (http) with context path '/nacos'

2020-11-28 11:32:09,541 INFO Started Nacos in 29.376 seconds (JVM running for 30.617)

2020-11-28 11:32:09,542 INFO Nacos Log files: C:\Users\user\Desktop\nacos\logs

2020-11-28 11:32:09,543 INFO Nacos Log files: C:\Users\user\Desktop\nacos\conf

2020-11-28 11:32:09,543 INFO Nacos Log files: C:\Users\user\Desktop\nacos\data

2020-11-28 11:32:09,544 INFO Nacos started successfully in stand alone mode. use embedded storage

2020-11-28 11:32:09,719 INFO Initializing Spring DispatcherServlet 'dispatcherServlet'

2020-11-28 11:32:09,719 INFO Initializing Servlet 'dispatcherServlet'

2020-11-28 11:32:09,732 INFO Completed initialization in 13 ms

2020-11-28 11:42:06,133 INFO [capacityManagement] start correct usage

2020-11-28 11:42:06,157 INFO [capacityManagement] end correct usage, cost: 0s

2020-11-28 11:42:06,373 WARN clearConfigHistory start

2020-11-28 11:52:06,160 INFO [capacityManagement] start correct usage

2020-11-28 11:52:06,160 INFO [capacityManagement] end correct usage, cost: 0s

2020-11-28 11:52:06,384 WARN clearConfigHistory start

2020-11-28 12:02:06,163 INFO [capacityManagement] start correct usage

2020-11-28 12:02:06,166 INFO [capacityManagement] end correct usage, cost: 0s

2020-11-28 12:02:06,386 WARN clearConfigHistory start

2020-11-28 12:12:06,169 INFO [capacityManagement] start correct usage

2020-11-28 12:12:06,169 INFO [capacityManagement] end correct usage, cost: 0s

2020-11-28 12:12:06,388 WARN clearConfigHistory start

2020-11-28 12:22:06,171 INFO [capacityManagement] start correct usage

2020-11-28 12:22:06,171 INFO [capacityManagement] end correct usage, cost: 0s

2020-11-28 12:22:06,389 WARN clearConfigHistory start

2020-11-28 12:32:06,172 INFO [capacityManagement] start correct usage

2020-11-28 12:32:06,173 INFO [capacityManagement] end correct usage, cost: 0s

2020-11-28 12:32:06,392 WARN clearConfigHistory start

2020-11-28 12:42:06,175 INFO [capacityManagement] start correct usage

2020-11-28 12:42:06,175 INFO [capacityManagement] end correct usage, cost: 0s

2020-11-28 12:42:06,394 WARN clearConfigHistory start

2020-11-28 12:52:06,177 INFO [capacityManagement] start correct usage

2020-11-28 12:52:06,178 INFO [capacityManagement] end correct usage, cost: 0s

2020-11-28 12:52:06,397 WARN clearConfigHistory start

2020-11-28 12:57:09,208 INFO Transport failed

java.io.IOException: 远程主机强迫关闭了一个现有的连接。
	at sun.nio.ch.SocketDispatcher.read0(Native Method)
	at sun.nio.ch.SocketDispatcher.read(SocketDispatcher.java:43)
	at sun.nio.ch.IOUtil.readIntoNativeBuffer(IOUtil.java:223)
	at sun.nio.ch.IOUtil.read(IOUtil.java:192)
	at sun.nio.ch.SocketChannelImpl.read(SocketChannelImpl.java:378)
	at io.grpc.netty.shaded.io.netty.buffer.PooledByteBuf.setBytes(PooledByteBuf.java:247)
	at io.grpc.netty.shaded.io.netty.buffer.AbstractByteBuf.writeBytes(AbstractByteBuf.java:1140)
	at io.grpc.netty.shaded.io.netty.channel.socket.nio.NioSocketChannel.doReadBytes(NioSocketChannel.java:347)
	at io.grpc.netty.shaded.io.netty.channel.nio.AbstractNioByteChannel$NioByteUnsafe.read(AbstractNioByteChannel.java:148)
	at io.grpc.netty.shaded.io.netty.channel.nio.NioEventLoop.processSelectedKey(NioEventLoop.java:697)
	at io.grpc.netty.shaded.io.netty.channel.nio.NioEventLoop.processSelectedKeysOptimized(NioEventLoop.java:632)
	at io.grpc.netty.shaded.io.netty.channel.nio.NioEventLoop.processSelectedKeys(NioEventLoop.java:549)
	at io.grpc.netty.shaded.io.netty.channel.nio.NioEventLoop.run(NioEventLoop.java:511)
	at io.grpc.netty.shaded.io.netty.util.concurrent.SingleThreadEventExecutor$5.run(SingleThreadEventExecutor.java:918)
	at io.grpc.netty.shaded.io.netty.util.internal.ThreadExecutorMap$2.run(ThreadExecutorMap.java:74)
	at io.grpc.netty.shaded.io.netty.util.concurrent.FastThreadLocalRunnable.run(FastThreadLocalRunnable.java:30)
	at java.lang.Thread.run(Thread.java:748)
2020-11-28 13:11:04,124 WARN clearConfigHistory start

2020-11-28 13:11:17,548 WARN HikariPool-1 - Thread starvation or clock leap detected (housekeeper delta=14m17s258ms683µs200ns).

2020-11-28 13:15:53,326 INFO [capacityManagement] start correct usage

2020-11-28 13:15:53,328 INFO [capacityManagement] end correct usage, cost: 0s

2020-11-28 13:21:04,128 WARN clearConfigHistory start

2020-11-28 13:25:53,330 INFO [capacityManagement] start correct usage

2020-11-28 13:25:53,332 INFO [capacityManagement] end correct usage, cost: 0s

2020-11-28 13:31:04,130 WARN clearConfigHistory start

2020-11-28 13:35:53,334 INFO [capacityManagement] start correct usage

2020-11-28 13:35:53,336 INFO [capacityManagement] end correct usage, cost: 0s

2020-11-28 13:41:04,133 WARN clearConfigHistory start

2020-11-28 13:45:53,337 INFO [capacityManagement] start correct usage

2020-11-28 13:45:53,339 INFO [capacityManagement] end correct usage, cost: 0s

2020-11-28 13:51:04,136 WARN clearConfigHistory start

2020-11-28 13:55:53,342 INFO [capacityManagement] start correct usage

2020-11-28 13:55:53,343 INFO [capacityManagement] end correct usage, cost: 0s

2020-11-28 14:01:04,138 WARN clearConfigHistory start

2020-11-28 14:05:53,344 INFO [capacityManagement] start correct usage

2020-11-28 14:05:53,344 INFO [capacityManagement] end correct usage, cost: 0s

2020-11-28 14:11:04,140 WARN clearConfigHistory start

2020-11-28 14:15:53,346 INFO [capacityManagement] start correct usage

2020-11-28 14:15:53,346 INFO [capacityManagement] end correct usage, cost: 0s

2020-11-28 14:21:04,144 WARN clearConfigHistory start

2020-11-28 14:25:53,348 INFO [capacityManagement] start correct usage

2020-11-28 14:25:53,349 INFO [capacityManagement] end correct usage, cost: 0s

2020-11-28 14:31:04,149 WARN clearConfigHistory start

2020-11-28 14:44:46,359 INFO Starting Nacos v1.4.0 on DESKTOP-L2BURBB with PID 13068 (D:\SelfPro\Seate\nacos\target\nacos-server.jar started by user in D:\SelfPro\Seate\nacos\bin)

2020-11-28 14:44:46,359 INFO The following profiles are active: standalone

2020-11-28 14:44:57,846 INFO Bean 'org.springframework.security.access.expression.method.DefaultMethodSecurityExpressionHandler@6057aebb' of type [org.springframework.security.access.expression.method.DefaultMethodSecurityExpressionHandler] is not eligible for getting processed by all BeanPostProcessors (for example: not eligible for auto-proxying)

2020-11-28 14:44:57,853 INFO Bean 'methodSecurityMetadataSource' of type [org.springframework.security.access.method.DelegatingMethodSecurityMetadataSource] is not eligible for getting processed by all BeanPostProcessors (for example: not eligible for auto-proxying)

2020-11-28 14:44:58,527 INFO Tomcat initialized with port(s): 8848 (http)

2020-11-28 14:44:58,554 INFO Starting service [Tomcat]

2020-11-28 14:44:58,555 INFO Starting Servlet engine: [Apache Tomcat/9.0.38]

2020-11-28 14:44:59,162 INFO At least one JAR was scanned for TLDs yet contained no TLDs. Enable debug logging for this logger for a complete list of JARs that were scanned but no TLDs were found in them. Skipping unneeded JARs during scanning can improve startup time and JSP compilation time.

2020-11-28 14:44:59,207 INFO Initializing Spring embedded WebApplicationContext

2020-11-28 14:44:59,207 INFO Root WebApplicationContext: initialization completed in 12651 ms

2020-11-28 14:45:00,823 WARN HikariPool-1 - idleTimeout has been set but has no effect because the pool is operating as a fixed size pool.

2020-11-28 14:45:00,823 INFO HikariPool-1 - Starting...

2020-11-28 14:45:00,832 WARN Registered driver with driverClassName=org.apache.derby.jdbc.EmbeddedDriver was not found, trying direct instantiation.

2020-11-28 14:45:01,696 INFO HikariPool-1 - Driver does not support get/set network timeout for connections. (Feature not implemented: No details.)

2020-11-28 14:45:01,712 INFO HikariPool-1 - Start completed.

2020-11-28 14:45:03,247 INFO Nacos-related cluster resource initialization

2020-11-28 14:45:03,260 INFO The cluster resource is initialized

2020-11-28 14:45:05,648 INFO Reflections took 67 ms to scan 1 urls, producing 6 keys and 26 values 

2020-11-28 14:45:05,693 INFO Reflections took 4 ms to scan 1 urls, producing 2 keys and 12 values 

2020-11-28 14:45:05,706 INFO Reflections took 8 ms to scan 1 urls, producing 3 keys and 15 values 

2020-11-28 14:45:07,143 INFO Initializing ExecutorService 'applicationTaskExecutor'

2020-11-28 14:45:07,256 INFO Adding welcome page: class path resource [static/index.html]

2020-11-28 14:45:08,291 INFO Creating filter chain: Ant [pattern='/**'], []

2020-11-28 14:45:08,359 INFO Creating filter chain: any request, [org.springframework.security.web.context.request.async.WebAsyncManagerIntegrationFilter@53bc1328, org.springframework.security.web.context.SecurityContextPersistenceFilter@106faf11, org.springframework.security.web.header.HeaderWriterFilter@27a0a5a2, org.springframework.security.web.csrf.CsrfFilter@3a45c42a, org.springframework.security.web.authentication.logout.LogoutFilter@7bfc3126, org.springframework.security.web.savedrequest.RequestCacheAwareFilter@26d10f2e, org.springframework.security.web.servletapi.SecurityContextHolderAwareRequestFilter@2c282004, org.springframework.security.web.authentication.AnonymousAuthenticationFilter@26f143ed, org.springframework.security.web.session.SessionManagementFilter@33aa93c, org.springframework.security.web.access.ExceptionTranslationFilter@47a64f7d]

2020-11-28 14:45:08,673 INFO Initializing ExecutorService 'taskScheduler'

2020-11-28 14:45:08,694 INFO Exposing 2 endpoint(s) beneath base path '/actuator'

2020-11-28 14:45:08,864 INFO Tomcat started on port(s): 8848 (http) with context path '/nacos'

2020-11-28 14:45:08,867 INFO Started Nacos in 24.198 seconds (JVM running for 25.454)

2020-11-28 14:45:08,867 INFO Nacos Log files: D:\SelfPro\Seate\nacos\logs

2020-11-28 14:45:08,868 INFO Nacos Log files: D:\SelfPro\Seate\nacos\conf

2020-11-28 14:45:08,868 INFO Nacos Log files: D:\SelfPro\Seate\nacos\data

2020-11-28 14:45:08,868 INFO Nacos started successfully in stand alone mode. use embedded storage

2020-11-28 14:45:22,718 INFO Initializing Spring DispatcherServlet 'dispatcherServlet'

2020-11-28 14:45:22,718 INFO Initializing Servlet 'dispatcherServlet'

2020-11-28 14:45:22,728 INFO Completed initialization in 10 ms

2020-11-28 14:55:05,948 INFO [capacityManagement] start correct usage

2020-11-28 14:55:05,960 INFO [capacityManagement] end correct usage, cost: 0s

2020-11-28 14:55:06,150 WARN clearConfigHistory start

2020-11-28 15:05:05,961 INFO [capacityManagement] start correct usage

2020-11-28 15:05:05,961 INFO [capacityManagement] end correct usage, cost: 0s

2020-11-28 15:05:06,169 WARN clearConfigHistory start

2020-11-28 15:15:05,963 INFO [capacityManagement] start correct usage

2020-11-28 15:15:05,963 INFO [capacityManagement] end correct usage, cost: 0s

2020-11-28 15:15:06,177 WARN clearConfigHistory start

2020-11-28 15:25:05,965 INFO [capacityManagement] start correct usage

2020-11-28 15:25:05,965 INFO [capacityManagement] end correct usage, cost: 0s

2020-11-28 15:25:06,180 WARN clearConfigHistory start

2020-11-28 15:35:05,967 INFO [capacityManagement] start correct usage

2020-11-28 15:35:05,967 INFO [capacityManagement] end correct usage, cost: 0s

2020-11-28 15:35:06,181 WARN clearConfigHistory start

2020-11-28 15:45:05,968 INFO [capacityManagement] start correct usage

2020-11-28 15:45:05,968 INFO [capacityManagement] end correct usage, cost: 0s

2020-11-28 15:45:06,189 WARN clearConfigHistory start

2020-11-28 15:55:05,969 INFO [capacityManagement] start correct usage

2020-11-28 15:55:05,969 INFO [capacityManagement] end correct usage, cost: 0s

2020-11-28 15:55:06,189 WARN clearConfigHistory start

2020-11-28 16:05:05,970 INFO [capacityManagement] start correct usage

2020-11-28 16:05:05,971 INFO [capacityManagement] end correct usage, cost: 0s

2020-11-28 16:05:06,192 WARN clearConfigHistory start

2020-11-28 16:15:05,973 INFO [capacityManagement] start correct usage

2020-11-28 16:15:05,973 INFO [capacityManagement] end correct usage, cost: 0s

2020-11-28 16:15:06,193 WARN clearConfigHistory start

2020-11-28 16:25:05,974 INFO [capacityManagement] start correct usage

2020-11-28 16:25:05,974 INFO [capacityManagement] end correct usage, cost: 0s

2020-11-28 16:25:06,195 WARN clearConfigHistory start

2020-11-28 16:35:05,976 INFO [capacityManagement] start correct usage

2020-11-28 16:35:05,977 INFO [capacityManagement] end correct usage, cost: 0s

2020-11-28 16:35:06,197 WARN clearConfigHistory start

2020-11-28 16:45:05,977 INFO [capacityManagement] start correct usage

2020-11-28 16:45:05,977 INFO [capacityManagement] end correct usage, cost: 0s

2020-11-28 16:45:06,198 WARN clearConfigHistory start

2020-11-28 16:55:05,979 INFO [capacityManagement] start correct usage

2020-11-28 16:55:05,979 INFO [capacityManagement] end correct usage, cost: 0s

2020-11-28 16:55:06,200 WARN clearConfigHistory start

2020-11-28 17:05:05,979 INFO [capacityManagement] start correct usage

2020-11-28 17:05:05,979 INFO [capacityManagement] end correct usage, cost: 0s

2020-11-28 17:05:06,201 WARN clearConfigHistory start

2020-11-28 17:15:05,981 INFO [capacityManagement] start correct usage

2020-11-28 17:15:05,981 INFO [capacityManagement] end correct usage, cost: 0s

2020-11-28 17:15:06,203 WARN clearConfigHistory start

2020-11-28 17:25:05,983 INFO [capacityManagement] start correct usage

2020-11-28 17:25:05,986 INFO [capacityManagement] end correct usage, cost: 0s

2020-11-28 17:25:06,206 WARN clearConfigHistory start

2020-11-28 17:35:05,987 INFO [capacityManagement] start correct usage

2020-11-28 17:35:05,987 INFO [capacityManagement] end correct usage, cost: 0s

2020-11-28 17:35:06,209 WARN clearConfigHistory start

2020-11-28 17:44:32,720 INFO Starting Nacos v1.4.0 on DESKTOP-L2BURBB with PID 23264 (D:\SelfPro\Seate\nacos\target\nacos-server.jar started by user in D:\SelfPro\Seate\nacos\bin)

2020-11-28 17:44:32,720 INFO The following profiles are active: standalone

2020-11-28 17:44:44,468 INFO Bean 'org.springframework.security.access.expression.method.DefaultMethodSecurityExpressionHandler@409c54f' of type [org.springframework.security.access.expression.method.DefaultMethodSecurityExpressionHandler] is not eligible for getting processed by all BeanPostProcessors (for example: not eligible for auto-proxying)

2020-11-28 17:44:44,476 INFO Bean 'methodSecurityMetadataSource' of type [org.springframework.security.access.method.DelegatingMethodSecurityMetadataSource] is not eligible for getting processed by all BeanPostProcessors (for example: not eligible for auto-proxying)

2020-11-28 17:44:45,171 INFO Tomcat initialized with port(s): 8848 (http)

2020-11-28 17:44:45,204 INFO Starting service [Tomcat]

2020-11-28 17:44:45,204 INFO Starting Servlet engine: [Apache Tomcat/9.0.38]

2020-11-28 17:44:45,838 INFO At least one JAR was scanned for TLDs yet contained no TLDs. Enable debug logging for this logger for a complete list of JARs that were scanned but no TLDs were found in them. Skipping unneeded JARs during scanning can improve startup time and JSP compilation time.

2020-11-28 17:44:45,885 INFO Initializing Spring embedded WebApplicationContext

2020-11-28 17:44:45,885 INFO Root WebApplicationContext: initialization completed in 12926 ms

2020-11-28 17:44:47,533 WARN HikariPool-1 - idleTimeout has been set but has no effect because the pool is operating as a fixed size pool.

2020-11-28 17:44:47,533 INFO HikariPool-1 - Starting...

2020-11-28 17:44:47,542 WARN Registered driver with driverClassName=org.apache.derby.jdbc.EmbeddedDriver was not found, trying direct instantiation.

2020-11-28 17:44:48,654 INFO HikariPool-1 - Driver does not support get/set network timeout for connections. (Feature not implemented: No details.)

2020-11-28 17:44:48,670 INFO HikariPool-1 - Start completed.

2020-11-28 17:44:50,259 INFO Nacos-related cluster resource initialization

2020-11-28 17:44:50,270 INFO The cluster resource is initialized

2020-11-28 17:44:52,597 INFO Reflections took 70 ms to scan 1 urls, producing 6 keys and 26 values 

2020-11-28 17:44:52,649 INFO Reflections took 5 ms to scan 1 urls, producing 2 keys and 12 values 

2020-11-28 17:44:52,659 INFO Reflections took 5 ms to scan 1 urls, producing 3 keys and 15 values 

2020-11-28 17:44:54,129 INFO Initializing ExecutorService 'applicationTaskExecutor'

2020-11-28 17:44:54,249 INFO Adding welcome page: class path resource [static/index.html]

2020-11-28 17:44:55,317 INFO Creating filter chain: Ant [pattern='/**'], []

2020-11-28 17:44:55,389 INFO Creating filter chain: any request, [org.springframework.security.web.context.request.async.WebAsyncManagerIntegrationFilter@11963225, org.springframework.security.web.context.SecurityContextPersistenceFilter@3ef41c66, org.springframework.security.web.header.HeaderWriterFilter@19868320, org.springframework.security.web.csrf.CsrfFilter@78e16155, org.springframework.security.web.authentication.logout.LogoutFilter@e041f0c, org.springframework.security.web.savedrequest.RequestCacheAwareFilter@622ef26a, org.springframework.security.web.servletapi.SecurityContextHolderAwareRequestFilter@28fa700e, org.springframework.security.web.authentication.AnonymousAuthenticationFilter@3f3c966c, org.springframework.security.web.session.SessionManagementFilter@c20be82, org.springframework.security.web.access.ExceptionTranslationFilter@1968a49c]

2020-11-28 17:44:55,715 INFO Initializing ExecutorService 'taskScheduler'

2020-11-28 17:44:55,733 INFO Exposing 2 endpoint(s) beneath base path '/actuator'

2020-11-28 17:44:55,903 INFO Tomcat started on port(s): 8848 (http) with context path '/nacos'

2020-11-28 17:44:55,905 INFO Started Nacos in 24.991 seconds (JVM running for 26.32)

2020-11-28 17:44:55,906 INFO Nacos Log files: D:\SelfPro\Seate\nacos\logs

2020-11-28 17:44:55,906 INFO Nacos Log files: D:\SelfPro\Seate\nacos\conf

2020-11-28 17:44:55,906 INFO Nacos Log files: D:\SelfPro\Seate\nacos\data

2020-11-28 17:44:55,907 INFO Nacos started successfully in stand alone mode. use embedded storage

2020-11-28 17:44:56,018 INFO Initializing Spring DispatcherServlet 'dispatcherServlet'

2020-11-28 17:44:56,018 INFO Initializing Servlet 'dispatcherServlet'

2020-11-28 17:44:56,036 INFO Completed initialization in 18 ms

2020-11-28 17:45:25,438 INFO Starting Nacos v1.4.0 on DESKTOP-L2BURBB with PID 11312 (D:\SelfPro\Seate\nacos\target\nacos-server.jar started by user in D:\SelfPro\Seate\nacos\bin)

2020-11-28 17:45:25,438 INFO The following profiles are active: standalone

2020-11-28 17:45:38,302 INFO Bean 'org.springframework.security.access.expression.method.DefaultMethodSecurityExpressionHandler@13d4992d' of type [org.springframework.security.access.expression.method.DefaultMethodSecurityExpressionHandler] is not eligible for getting processed by all BeanPostProcessors (for example: not eligible for auto-proxying)

2020-11-28 17:45:38,307 INFO Bean 'methodSecurityMetadataSource' of type [org.springframework.security.access.method.DelegatingMethodSecurityMetadataSource] is not eligible for getting processed by all BeanPostProcessors (for example: not eligible for auto-proxying)

2020-11-28 17:45:39,037 INFO Tomcat initialized with port(s): 8848 (http)

2020-11-28 17:45:39,065 INFO Starting service [Tomcat]

2020-11-28 17:45:39,065 INFO Starting Servlet engine: [Apache Tomcat/9.0.38]

2020-11-28 17:45:39,682 INFO At least one JAR was scanned for TLDs yet contained no TLDs. Enable debug logging for this logger for a complete list of JARs that were scanned but no TLDs were found in them. Skipping unneeded JARs during scanning can improve startup time and JSP compilation time.

2020-11-28 17:45:39,732 INFO Initializing Spring embedded WebApplicationContext

2020-11-28 17:45:39,732 INFO Root WebApplicationContext: initialization completed in 14036 ms

2020-11-28 17:45:41,365 WARN HikariPool-1 - idleTimeout has been set but has no effect because the pool is operating as a fixed size pool.

2020-11-28 17:45:41,366 INFO HikariPool-1 - Starting...

2020-11-28 17:45:41,374 WARN Registered driver with driverClassName=org.apache.derby.jdbc.EmbeddedDriver was not found, trying direct instantiation.

2020-11-28 17:45:42,268 INFO HikariPool-1 - Driver does not support get/set network timeout for connections. (Feature not implemented: No details.)

2020-11-28 17:45:42,284 INFO HikariPool-1 - Start completed.

2020-11-28 17:45:43,875 INFO Nacos-related cluster resource initialization

2020-11-28 17:45:43,886 INFO The cluster resource is initialized

2020-11-28 17:45:46,153 INFO Reflections took 67 ms to scan 1 urls, producing 6 keys and 26 values 

2020-11-28 17:45:46,208 INFO Reflections took 5 ms to scan 1 urls, producing 2 keys and 12 values 

2020-11-28 17:45:46,222 INFO Reflections took 8 ms to scan 1 urls, producing 3 keys and 15 values 

2020-11-28 17:45:47,753 INFO Initializing ExecutorService 'applicationTaskExecutor'

2020-11-28 17:45:47,870 INFO Adding welcome page: class path resource [static/index.html]

2020-11-28 17:45:48,983 INFO Creating filter chain: Ant [pattern='/**'], []

2020-11-28 17:45:49,059 INFO Creating filter chain: any request, [org.springframework.security.web.context.request.async.WebAsyncManagerIntegrationFilter@c20be82, org.springframework.security.web.context.SecurityContextPersistenceFilter@26f143ed, org.springframework.security.web.header.HeaderWriterFilter@22ee2d0, org.springframework.security.web.csrf.CsrfFilter@26d10f2e, org.springframework.security.web.authentication.logout.LogoutFilter@19868320, org.springframework.security.web.savedrequest.RequestCacheAwareFilter@4b770e40, org.springframework.security.web.servletapi.SecurityContextHolderAwareRequestFilter@1968a49c, org.springframework.security.web.authentication.AnonymousAuthenticationFilter@13c612bd, org.springframework.security.web.session.SessionManagementFilter@3e792ce3, org.springframework.security.web.access.ExceptionTranslationFilter@7dd712e8]

2020-11-28 17:45:49,375 INFO Initializing ExecutorService 'taskScheduler'

2020-11-28 17:45:49,393 INFO Exposing 2 endpoint(s) beneath base path '/actuator'

2020-11-28 17:45:49,561 INFO Tomcat started on port(s): 8848 (http) with context path '/nacos'

2020-11-28 17:45:49,564 INFO Started Nacos in 25.896 seconds (JVM running for 27.215)

2020-11-28 17:45:49,564 INFO Nacos Log files: D:\SelfPro\Seate\nacos\logs

2020-11-28 17:45:49,564 INFO Nacos Log files: D:\SelfPro\Seate\nacos\conf

2020-11-28 17:45:49,564 INFO Nacos Log files: D:\SelfPro\Seate\nacos\data

2020-11-28 17:45:49,565 INFO Nacos started successfully in stand alone mode. use embedded storage

2020-11-28 17:45:52,672 INFO Initializing Spring DispatcherServlet 'dispatcherServlet'

2020-11-28 17:45:52,672 INFO Initializing Servlet 'dispatcherServlet'

2020-11-28 17:45:52,684 INFO Completed initialization in 12 ms

2020-11-28 17:55:46,478 INFO [capacityManagement] start correct usage

2020-11-28 17:55:46,490 INFO [capacityManagement] end correct usage, cost: 0s

2020-11-28 17:55:46,720 WARN clearConfigHistory start

2020-11-28 18:05:46,492 INFO [capacityManagement] start correct usage

2020-11-28 18:05:46,492 INFO [capacityManagement] end correct usage, cost: 0s

2020-11-28 18:05:46,727 WARN clearConfigHistory start

2020-11-28 18:15:46,493 INFO [capacityManagement] start correct usage

2020-11-28 18:15:46,493 INFO [capacityManagement] end correct usage, cost: 0s

2020-11-28 18:15:46,732 WARN clearConfigHistory start

2020-11-28 18:25:46,495 INFO [capacityManagement] start correct usage

2020-11-28 18:25:46,496 INFO [capacityManagement] end correct usage, cost: 0s

2020-11-28 18:25:46,732 WARN clearConfigHistory start

2020-11-28 18:35:46,497 INFO [capacityManagement] start correct usage

2020-11-28 18:35:46,497 INFO [capacityManagement] end correct usage, cost: 0s

2020-11-28 18:35:46,734 WARN clearConfigHistory start

2020-11-28 18:45:46,498 INFO [capacityManagement] start correct usage

2020-11-28 18:45:46,498 INFO [capacityManagement] end correct usage, cost: 0s

2020-11-28 18:45:46,735 WARN clearConfigHistory start

2020-11-28 18:55:46,500 INFO [capacityManagement] start correct usage

2020-11-28 18:55:46,500 INFO [capacityManagement] end correct usage, cost: 0s

2020-11-28 18:55:46,737 WARN clearConfigHistory start

2020-11-28 19:05:46,501 INFO [capacityManagement] start correct usage

2020-11-28 19:05:46,502 INFO [capacityManagement] end correct usage, cost: 0s

2020-11-28 19:05:46,737 WARN clearConfigHistory start

