2020-11-28 09:52:32,392 INFO PERFORMANCE:|0|0|-1|-1

2020-11-28 09:57:32,401 INFO PERFORMANCE:|0|0|-1|-1

2020-11-28 10:02:32,403 INFO PERFORMANCE:|0|0|-1|-1

2020-11-28 10:07:32,405 INFO PERFORMANCE:|0|0|-1|-1

2020-11-28 10:12:32,407 INFO PERFORMANCE:|0|0|-1|-1

2020-11-28 10:17:32,410 INFO PERFORMANCE:|0|0|-1|-1

2020-11-28 10:22:32,413 INFO PERFORMANCE:|0|0|-1|-1

2020-11-28 10:27:32,414 INFO PERFORMANCE:|0|0|-1|-1

2020-11-28 10:32:32,415 INFO PERFORMANCE:|0|0|-1|-1

2020-11-28 10:37:32,416 INFO PERFORMANCE:|0|0|-1|-1

2020-11-28 10:42:32,419 INFO PERFORMANCE:|0|0|-1|-1

2020-11-28 10:47:32,421 INFO PERFORMANCE:|0|0|-1|-1

2020-11-28 10:52:32,424 INFO PERFORMANCE:|0|0|-1|-1

2020-11-28 10:57:32,425 INFO PERFORMANCE:|0|0|-1|-1

2020-11-28 11:02:32,426 INFO PERFORMANCE:|0|0|-1|-1

2020-11-28 11:07:32,428 INFO PERFORMANCE:|0|0|-1|-1

2020-11-28 11:12:32,430 INFO PERFORMANCE:|1|1|-1|-1

2020-11-28 11:17:32,432 INFO PERFORMANCE:|1|1|-1|-1

2020-11-28 11:22:32,434 INFO PERFORMANCE:|1|1|-1|-1

2020-11-28 11:27:32,435 INFO PERFORMANCE:|1|1|-1|-1

2020-11-28 11:32:36,395 INFO PERFORMANCE:|1|1|-1|-1

2020-11-28 11:37:36,395 INFO PERFORMANCE:|1|1|-1|-1

2020-11-28 11:42:36,397 INFO PERFORMANCE:|3|3|-1|-1

2020-11-28 11:47:36,399 INFO PERFORMANCE:|3|3|-1|-1

2020-11-28 11:52:36,403 INFO PERFORMANCE:|4|4|-1|-1

2020-11-28 11:57:36,404 INFO PERFORMANCE:|1|1|-1|-1

2020-11-28 12:02:36,408 INFO PERFORMANCE:|4|4|-1|-1

2020-11-28 12:07:36,410 INFO PERFORMANCE:|4|4|-1|-1

2020-11-28 12:12:36,413 INFO PERFORMANCE:|4|4|-1|-1

2020-11-28 12:17:36,414 INFO PERFORMANCE:|4|4|-1|-1

2020-11-28 12:22:36,416 INFO PERFORMANCE:|4|4|-1|-1

2020-11-28 12:27:36,418 INFO PERFORMANCE:|4|4|-1|-1

2020-11-28 12:32:36,420 INFO PERFORMANCE:|4|4|-1|-1

2020-11-28 12:37:36,422 INFO PERFORMANCE:|4|4|-1|-1

2020-11-28 12:42:36,423 INFO PERFORMANCE:|4|4|-1|-1

2020-11-28 12:47:36,424 INFO PERFORMANCE:|4|4|-1|-1

2020-11-28 12:52:36,426 INFO PERFORMANCE:|4|4|-1|-1

2020-11-28 13:11:23,572 INFO PERFORMANCE:|4|4|-1|-1

2020-11-28 13:16:23,574 INFO PERFORMANCE:|4|4|-1|-1

2020-11-28 13:21:23,576 INFO PERFORMANCE:|4|4|-1|-1

2020-11-28 13:26:23,577 INFO PERFORMANCE:|4|4|-1|-1

2020-11-28 13:31:23,579 INFO PERFORMANCE:|4|4|-1|-1

2020-11-28 13:36:23,581 INFO PERFORMANCE:|4|4|-1|-1

2020-11-28 13:41:23,600 INFO PERFORMANCE:|4|3|-1|-1

2020-11-28 13:46:23,602 INFO PERFORMANCE:|3|3|-1|-1

2020-11-28 13:51:23,603 INFO PERFORMANCE:|3|3|-1|-1

2020-11-28 13:56:23,605 INFO PERFORMANCE:|4|4|-1|-1

2020-11-28 14:01:23,607 INFO PERFORMANCE:|4|4|-1|-1

2020-11-28 14:06:23,608 INFO PERFORMANCE:|4|2|-1|-1

2020-11-28 14:11:23,609 INFO PERFORMANCE:|3|2|-1|-1

2020-11-28 14:16:23,611 INFO PERFORMANCE:|2|2|-1|-1

2020-11-28 14:21:23,611 INFO PERFORMANCE:|2|2|-1|-1

2020-11-28 14:26:23,613 INFO PERFORMANCE:|2|2|-1|-1

2020-11-28 14:31:23,614 INFO PERFORMANCE:|2|2|-1|-1

2020-11-28 14:45:36,163 INFO PERFORMANCE:|1|1|-1|-1

2020-11-28 14:50:36,165 INFO PERFORMANCE:|1|1|-1|-1

2020-11-28 14:55:36,166 INFO PERFORMANCE:|1|1|-1|-1

2020-11-28 15:00:36,168 INFO PERFORMANCE:|4|4|-1|-1

2020-11-28 15:05:36,169 INFO PERFORMANCE:|4|4|-1|-1

2020-11-28 15:10:36,171 INFO PERFORMANCE:|4|4|-1|-1

2020-11-28 15:15:36,172 INFO PERFORMANCE:|4|4|-1|-1

2020-11-28 15:20:36,173 INFO PERFORMANCE:|4|4|-1|-1

2020-11-28 15:25:36,175 INFO PERFORMANCE:|4|4|-1|-1

2020-11-28 15:30:36,176 INFO PERFORMANCE:|4|4|-1|-1

2020-11-28 15:35:36,176 INFO PERFORMANCE:|4|2|-1|-1

2020-11-28 15:40:36,177 INFO PERFORMANCE:|2|2|-1|-1

2020-11-28 15:45:36,179 INFO PERFORMANCE:|2|2|-1|-1

2020-11-28 15:50:36,180 INFO PERFORMANCE:|4|4|-1|-1

2020-11-28 15:55:36,181 INFO PERFORMANCE:|4|4|-1|-1

2020-11-28 16:00:36,183 INFO PERFORMANCE:|4|4|-1|-1

2020-11-28 16:05:36,184 INFO PERFORMANCE:|4|4|-1|-1

2020-11-28 16:10:36,185 INFO PERFORMANCE:|4|4|-1|-1

2020-11-28 16:15:36,186 INFO PERFORMANCE:|4|4|-1|-1

2020-11-28 16:20:36,187 INFO PERFORMANCE:|4|3|-1|-1

2020-11-28 16:25:36,188 INFO PERFORMANCE:|4|4|-1|-1

2020-11-28 16:30:36,190 INFO PERFORMANCE:|4|4|-1|-1

2020-11-28 16:35:36,191 INFO PERFORMANCE:|4|3|-1|-1

2020-11-28 16:40:36,193 INFO PERFORMANCE:|4|4|-1|-1

2020-11-28 16:45:36,195 INFO PERFORMANCE:|4|4|-1|-1

2020-11-28 16:50:36,196 INFO PERFORMANCE:|4|3|-1|-1

2020-11-28 16:55:36,197 INFO PERFORMANCE:|3|3|-1|-1

2020-11-28 17:00:36,198 INFO PERFORMANCE:|3|3|-1|-1

2020-11-28 17:05:36,199 INFO PERFORMANCE:|3|3|-1|-1

2020-11-28 17:10:36,200 INFO PERFORMANCE:|4|4|-1|-1

2020-11-28 17:15:36,202 INFO PERFORMANCE:|4|4|-1|-1

2020-11-28 17:20:36,204 INFO PERFORMANCE:|4|1|-1|-1

2020-11-28 17:25:36,206 INFO PERFORMANCE:|4|4|-1|-1

2020-11-28 17:30:36,207 INFO PERFORMANCE:|4|4|-1|-1

2020-11-28 17:35:36,208 INFO PERFORMANCE:|4|3|4|4

2020-11-28 17:40:36,209 INFO PERFORMANCE:|4|4|-1|-1

2020-11-28 17:46:16,733 INFO PERFORMANCE:|2|2|-1|-1

2020-11-28 17:51:16,733 INFO PERFORMANCE:|4|4|-1|-1

2020-11-28 17:56:16,734 INFO PERFORMANCE:|4|4|-1|-1

2020-11-28 18:01:16,736 INFO PERFORMANCE:|4|4|-1|-1

2020-11-28 18:06:16,738 INFO PERFORMANCE:|4|4|-1|-1

2020-11-28 18:11:16,739 INFO PERFORMANCE:|4|4|-1|-1

2020-11-28 18:16:16,741 INFO PERFORMANCE:|4|4|-1|-1

2020-11-28 18:21:16,742 INFO PERFORMANCE:|4|3|-1|-1

2020-11-28 18:26:16,742 INFO PERFORMANCE:|4|4|-1|-1

2020-11-28 18:31:16,744 INFO PERFORMANCE:|4|4|-1|-1

2020-11-28 18:36:16,746 INFO PERFORMANCE:|4|4|-1|-1

2020-11-28 18:41:16,747 INFO PERFORMANCE:|4|4|-1|-1

2020-11-28 18:46:16,748 INFO PERFORMANCE:|4|4|-1|-1

2020-11-28 18:51:16,749 INFO PERFORMANCE:|3|2|-1|-1

2020-11-28 18:56:16,750 INFO PERFORMANCE:|3|2|-1|-1

2020-11-28 19:01:16,752 INFO PERFORMANCE:|2|2|-1|-1

2020-11-28 19:06:16,754 INFO PERFORMANCE:|2|2|-1|-1

2020-11-28 19:11:16,754 INFO PERFORMANCE:|2|2|-1|-1

